Arguments: 
  /home/nik/.nvm/versions/node/v14.15.4/bin/node /home/nik/.nvm/versions/node/v14.15.4/bin/yarn add php70u-json

PATH: 
  /home/nik/.nvm/versions/node/v14.15.4/bin:/home/nik/.local/share/umake/bin:/usr/local/sbin:/usr/local/bin:/usr/sbin:/usr/bin:/sbin:/bin:/usr/games:/usr/local/games:/snap/bin

Yarn version: 
  1.22.10

Node version: 
  14.15.4

Platform: 
  linux x64

Trace: 
  Error: https://registry.yarnpkg.com/php70u-json: Not found
      at Request.params.callback [as _callback] (/home/nik/.nvm/versions/node/v14.15.4/lib/node_modules/yarn/lib/cli.js:66988:18)
      at Request.self.callback (/home/nik/.nvm/versions/node/v14.15.4/lib/node_modules/yarn/lib/cli.js:140662:22)
      at Request.emit (events.js:315:20)
      at Request.<anonymous> (/home/nik/.nvm/versions/node/v14.15.4/lib/node_modules/yarn/lib/cli.js:141634:10)
      at Request.emit (events.js:315:20)
      at IncomingMessage.<anonymous> (/home/nik/.nvm/versions/node/v14.15.4/lib/node_modules/yarn/lib/cli.js:141556:12)
      at Object.onceWrapper (events.js:421:28)
      at IncomingMessage.emit (events.js:327:22)
      at endReadableNT (internal/streams/readable.js:1327:12)
      at processTicksAndRejections (internal/process/task_queues.js:80:21)

npm manifest: 
  No manifest

yarn manifest: 
  No manifest

Lockfile: 
  No lockfile
